nohup: ignoring input
/venv/main/lib/python3.12/site-packages/sklearn/model_selection/_split.py:812: UserWarning: The least populated class in y has only 1 members, which is less than n_splits=5.
  warnings.warn(
/venv/main/lib/python3.12/site-packages/sklearn/model_selection/_split.py:812: UserWarning: The least populated class in y has only 1 members, which is less than n_splits=5.
  warnings.warn(
/venv/main/lib/python3.12/site-packages/sklearn/model_selection/_split.py:812: UserWarning: The least populated class in y has only 1 members, which is less than n_splits=5.
  warnings.warn(
/venv/main/lib/python3.12/site-packages/sklearn/model_selection/_split.py:812: UserWarning: The least populated class in y has only 1 members, which is less than n_splits=5.
  warnings.warn(
  layer  0  within={'i0': 0.112, 'i1': 0.112}  transfer={'i0->i1': 0.12, 'i1->i0': 0.12}
/venv/main/lib/python3.12/site-packages/sklearn/model_selection/_split.py:812: UserWarning: The least populated class in y has only 1 members, which is less than n_splits=5.
  warnings.warn(
/venv/main/lib/python3.12/site-packages/sklearn/model_selection/_split.py:812: UserWarning: The least populated class in y has only 1 members, which is less than n_splits=5.
  warnings.warn(
/venv/main/lib/python3.12/site-packages/sklearn/model_selection/_split.py:812: UserWarning: The least populated class in y has only 1 members, which is less than n_splits=5.
  warnings.warn(
/venv/main/lib/python3.12/site-packages/sklearn/model_selection/_split.py:812: UserWarning: The least populated class in y has only 1 members, which is less than n_splits=5.
  warnings.warn(
  layer  2  within={'i0': 0.107, 'i1': 0.104}  transfer={'i0->i1': 0.125, 'i1->i0': 0.093}
/venv/main/lib/python3.12/site-packages/sklearn/model_selection/_split.py:812: UserWarning: The least populated class in y has only 1 members, which is less than n_splits=5.
  warnings.warn(
/venv/main/lib/python3.12/site-packages/sklearn/model_selection/_split.py:812: UserWarning: The least populated class in y has only 1 members, which is less than n_splits=5.
  warnings.warn(
/venv/main/lib/python3.12/site-packages/sklearn/model_selection/_split.py:812: UserWarning: The least populated class in y has only 1 members, which is less than n_splits=5.
  warnings.warn(
/venv/main/lib/python3.12/site-packages/sklearn/model_selection/_split.py:812: UserWarning: The least populated class in y has only 1 members, which is less than n_splits=5.
  warnings.warn(
  layer  4  within={'i0': 0.102, 'i1': 0.113}  transfer={'i0->i1': 0.165, 'i1->i0': 0.133}
/venv/main/lib/python3.12/site-packages/sklearn/model_selection/_split.py:812: UserWarning: The least populated class in y has only 1 members, which is less than n_splits=5.
  warnings.warn(
/venv/main/lib/python3.12/site-packages/sklearn/model_selection/_split.py:812: UserWarning: The least populated class in y has only 1 members, which is less than n_splits=5.
  warnings.warn(
/venv/main/lib/python3.12/site-packages/sklearn/model_selection/_split.py:812: UserWarning: The least populated class in y has only 1 members, which is less than n_splits=5.
  warnings.warn(
/venv/main/lib/python3.12/site-packages/sklearn/model_selection/_split.py:812: UserWarning: The least populated class in y has only 1 members, which is less than n_splits=5.
  warnings.warn(
  layer  6  within={'i0': 0.097, 'i1': 0.102}  transfer={'i0->i1': 0.135, 'i1->i0': 0.09}
/venv/main/lib/python3.12/site-packages/sklearn/model_selection/_split.py:812: UserWarning: The least populated class in y has only 1 members, which is less than n_splits=5.
  warnings.warn(
/venv/main/lib/python3.12/site-packages/sklearn/model_selection/_split.py:812: UserWarning: The least populated class in y has only 1 members, which is less than n_splits=5.
  warnings.warn(
/venv/main/lib/python3.12/site-packages/sklearn/model_selection/_split.py:812: UserWarning: The least populated class in y has only 1 members, which is less than n_splits=5.
  warnings.warn(
/venv/main/lib/python3.12/site-packages/sklearn/model_selection/_split.py:812: UserWarning: The least populated class in y has only 1 members, which is less than n_splits=5.
  warnings.warn(
  layer  8  within={'i0': 0.103, 'i1': 0.1}  transfer={'i0->i1': 0.118, 'i1->i0': 0.097}
/venv/main/lib/python3.12/site-packages/sklearn/model_selection/_split.py:812: UserWarning: The least populated class in y has only 1 members, which is less than n_splits=5.
  warnings.warn(
/venv/main/lib/python3.12/site-packages/sklearn/model_selection/_split.py:812: UserWarning: The least populated class in y has only 1 members, which is less than n_splits=5.
  warnings.warn(
/venv/main/lib/python3.12/site-packages/sklearn/model_selection/_split.py:812: UserWarning: The least populated class in y has only 1 members, which is less than n_splits=5.
  warnings.warn(
/venv/main/lib/python3.12/site-packages/sklearn/model_selection/_split.py:812: UserWarning: The least populated class in y has only 1 members, which is less than n_splits=5.
  warnings.warn(
  layer 10  within={'i0': 0.097, 'i1': 0.105}  transfer={'i0->i1': 0.106, 'i1->i0': 0.106}
/venv/main/lib/python3.12/site-packages/sklearn/model_selection/_split.py:812: UserWarning: The least populated class in y has only 1 members, which is less than n_splits=5.
  warnings.warn(
/venv/main/lib/python3.12/site-packages/sklearn/model_selection/_split.py:812: UserWarning: The least populated class in y has only 1 members, which is less than n_splits=5.
  warnings.warn(
/venv/main/lib/python3.12/site-packages/sklearn/model_selection/_split.py:812: UserWarning: The least populated class in y has only 1 members, which is less than n_splits=5.
  warnings.warn(
/venv/main/lib/python3.12/site-packages/sklearn/model_selection/_split.py:812: UserWarning: The least populated class in y has only 1 members, which is less than n_splits=5.
  warnings.warn(
  layer 12  within={'i0': 0.109, 'i1': 0.088}  transfer={'i0->i1': 0.073, 'i1->i0': 0.094}
/venv/main/lib/python3.12/site-packages/sklearn/model_selection/_split.py:812: UserWarning: The least populated class in y has only 1 members, which is less than n_splits=5.
  warnings.warn(
/venv/main/lib/python3.12/site-packages/sklearn/model_selection/_split.py:812: UserWarning: The least populated class in y has only 1 members, which is less than n_splits=5.
  warnings.warn(
/venv/main/lib/python3.12/site-packages/sklearn/linear_model/_logistic.py:599: ConvergenceWarning: lbfgs failed to converge after 3000 iteration(s) (status=1):
STOP: TOTAL NO. OF ITERATIONS REACHED LIMIT

Increase the number of iterations to improve the convergence (max_iter=3000).
You might also want to scale the data as shown in:
    https://scikit-learn.org/stable/modules/preprocessing.html
Please also refer to the documentation for alternative solver options:
    https://scikit-learn.org/stable/modules/linear_model.html#logistic-regression
  n_iter_i = _check_optimize_result(
/venv/main/lib/python3.12/site-packages/sklearn/model_selection/_split.py:812: UserWarning: The least populated class in y has only 1 members, which is less than n_splits=5.
  warnings.warn(
/venv/main/lib/python3.12/site-packages/sklearn/model_selection/_split.py:812: UserWarning: The least populated class in y has only 1 members, which is less than n_splits=5.
  warnings.warn(
  layer 14  within={'i0': 0.099, 'i1': 0.084}  transfer={'i0->i1': 0.145, 'i1->i0': 0.094}
/venv/main/lib/python3.12/site-packages/sklearn/model_selection/_split.py:812: UserWarning: The least populated class in y has only 1 members, which is less than n_splits=5.
  warnings.warn(
/venv/main/lib/python3.12/site-packages/sklearn/model_selection/_split.py:812: UserWarning: The least populated class in y has only 1 members, which is less than n_splits=5.
  warnings.warn(
/venv/main/lib/python3.12/site-packages/sklearn/model_selection/_split.py:812: UserWarning: The least populated class in y has only 1 members, which is less than n_splits=5.
  warnings.warn(
/venv/main/lib/python3.12/site-packages/sklearn/model_selection/_split.py:812: UserWarning: The least populated class in y has only 1 members, which is less than n_splits=5.
  warnings.warn(
  layer 16  within={'i0': 0.132, 'i1': 0.093}  transfer={'i0->i1': 0.143, 'i1->i0': 0.098}
/venv/main/lib/python3.12/site-packages/sklearn/model_selection/_split.py:812: UserWarning: The least populated class in y has only 1 members, which is less than n_splits=5.
  warnings.warn(
/venv/main/lib/python3.12/site-packages/sklearn/model_selection/_split.py:812: UserWarning: The least populated class in y has only 1 members, which is less than n_splits=5.
  warnings.warn(
/venv/main/lib/python3.12/site-packages/sklearn/model_selection/_split.py:812: UserWarning: The least populated class in y has only 1 members, which is less than n_splits=5.
  warnings.warn(
/venv/main/lib/python3.12/site-packages/sklearn/model_selection/_split.py:812: UserWarning: The least populated class in y has only 1 members, which is less than n_splits=5.
  warnings.warn(
  layer 18  within={'i0': 0.199, 'i1': 0.107}  transfer={'i0->i1': 0.099, 'i1->i0': 0.092}
/venv/main/lib/python3.12/site-packages/sklearn/model_selection/_split.py:812: UserWarning: The least populated class in y has only 1 members, which is less than n_splits=5.
  warnings.warn(
/venv/main/lib/python3.12/site-packages/sklearn/model_selection/_split.py:812: UserWarning: The least populated class in y has only 1 members, which is less than n_splits=5.
  warnings.warn(
/venv/main/lib/python3.12/site-packages/sklearn/model_selection/_split.py:812: UserWarning: The least populated class in y has only 1 members, which is less than n_splits=5.
  warnings.warn(
/venv/main/lib/python3.12/site-packages/sklearn/model_selection/_split.py:812: UserWarning: The least populated class in y has only 1 members, which is less than n_splits=5.
  warnings.warn(
  layer 20  within={'i0': 0.199, 'i1': 0.101}  transfer={'i0->i1': 0.12, 'i1->i0': 0.083}
/venv/main/lib/python3.12/site-packages/sklearn/model_selection/_split.py:812: UserWarning: The least populated class in y has only 1 members, which is less than n_splits=5.
  warnings.warn(
/venv/main/lib/python3.12/site-packages/sklearn/model_selection/_split.py:812: UserWarning: The least populated class in y has only 1 members, which is less than n_splits=5.
  warnings.warn(
/venv/main/lib/python3.12/site-packages/sklearn/model_selection/_split.py:812: UserWarning: The least populated class in y has only 1 members, which is less than n_splits=5.
  warnings.warn(
/venv/main/lib/python3.12/site-packages/sklearn/model_selection/_split.py:812: UserWarning: The least populated class in y has only 1 members, which is less than n_splits=5.
  warnings.warn(
  layer 22  within={'i0': 0.153, 'i1': 0.067}  transfer={'i0->i1': 0.135, 'i1->i0': 0.126}
/venv/main/lib/python3.12/site-packages/sklearn/model_selection/_split.py:812: UserWarning: The least populated class in y has only 1 members, which is less than n_splits=5.
  warnings.warn(
/venv/main/lib/python3.12/site-packages/sklearn/model_selection/_split.py:812: UserWarning: The least populated class in y has only 1 members, which is less than n_splits=5.
  warnings.warn(
/venv/main/lib/python3.12/site-packages/sklearn/model_selection/_split.py:812: UserWarning: The least populated class in y has only 1 members, which is less than n_splits=5.
  warnings.warn(
/venv/main/lib/python3.12/site-packages/sklearn/model_selection/_split.py:812: UserWarning: The least populated class in y has only 1 members, which is less than n_splits=5.
  warnings.warn(
  layer 24  within={'i0': 0.887, 'i1': 0.481}  transfer={'i0->i1': 0.697, 'i1->i0': 0.766}
/venv/main/lib/python3.12/site-packages/sklearn/model_selection/_split.py:812: UserWarning: The least populated class in y has only 1 members, which is less than n_splits=5.
  warnings.warn(
/venv/main/lib/python3.12/site-packages/sklearn/model_selection/_split.py:812: UserWarning: The least populated class in y has only 1 members, which is less than n_splits=5.
  warnings.warn(
/venv/main/lib/python3.12/site-packages/sklearn/model_selection/_split.py:812: UserWarning: The least populated class in y has only 1 members, which is less than n_splits=5.
  warnings.warn(
/venv/main/lib/python3.12/site-packages/sklearn/model_selection/_split.py:812: UserWarning: The least populated class in y has only 1 members, which is less than n_splits=5.
  warnings.warn(
  layer 26  within={'i0': 0.953, 'i1': 0.545}  transfer={'i0->i1': 0.755, 'i1->i0': 0.837}
/venv/main/lib/python3.12/site-packages/sklearn/model_selection/_split.py:812: UserWarning: The least populated class in y has only 1 members, which is less than n_splits=5.
  warnings.warn(
/venv/main/lib/python3.12/site-packages/sklearn/model_selection/_split.py:812: UserWarning: The least populated class in y has only 1 members, which is less than n_splits=5.
  warnings.warn(
/venv/main/lib/python3.12/site-packages/sklearn/model_selection/_split.py:812: UserWarning: The least populated class in y has only 1 members, which is less than n_splits=5.
  warnings.warn(
/venv/main/lib/python3.12/site-packages/sklearn/model_selection/_split.py:812: UserWarning: The least populated class in y has only 1 members, which is less than n_splits=5.
  warnings.warn(
  layer 28  within={'i0': 0.969, 'i1': 0.618}  transfer={'i0->i1': 0.766, 'i1->i0': 0.779}
[transfer] wrote experiments/e13/results/e1_transfer.json
